SLF4J: Failed to load class "org.slf4j.impl.StaticLoggerBinder".
SLF4J: Defaulting to no-operation (NOP) logger implementation
SLF4J: See http://www.slf4j.org/codes.html#StaticLoggerBinder for further details.
=== GaugeIntakeLoadDriver [unconstrained-default-rerun] ===
startedAt=2026-07-03T18:49:11.715831Z
endpoint=http://localhost:4566 region=eu-west-1
functionName=ReachIntakeHandler reservedConcurrentExecutions=unset (account default)
queueDepth[before]: visible=0 inFlight=0
2026-07-03T18:49:11.868726Z step=0 targetRate=5req/s calls=20
2026-07-03T18:49:15.872126Z step=1 targetRate=15req/s calls=60
2026-07-03T18:49:19.874586Z step=2 targetRate=30req/s calls=120
2026-07-03T18:49:23.876856Z step=3 targetRate=45req/s calls=180
2026-07-03T18:49:27.880703Z step=4 targetRate=60req/s calls=240
queueDepth[after]: visible=0 inFlight=0

=== RESULTS [unconstrained-default-rerun] ===
finishedAt=2026-07-03T18:49:45.633249Z
wallClockSeconds=33
totalInvocationsSent=620
success=134 functionErrors=486 throttled=0
p50Ms=14
p95Ms=4000
p99Ms=15004
maxMs=15025
minMs=2
meanMs=752.6854838709677
